app/build/intermediates/manifest_merge_blame_file/debug/manifest-merger-blame-debug-report.txt
1<?xml version="1.0" encoding="utf-8"?>
2<manifest xmlns:android="http://schemas.android.com/apk/res/android"
3    package="com.daffa.myrun"
4    android:versionCode="1"
5    android:versionName="1.0" >
6
7    <uses-sdk
8        android:minSdkVersion="27"
8-->src\main\AndroidManifest.xml
9        android:targetSdkVersion="30" />
9-->src\main\AndroidManifest.xml
10
11    <uses-permission android:name="android.permission.ACCESS_FINE_LOCATION" />
11-->src\main\AndroidManifest.xml:5:5-79
11-->src\main\AndroidManifest.xml:5:22-76
12    <uses-permission android:name="android.permission.ACCESS_COARSE_LOCATION" />
12-->src\main\AndroidManifest.xml:6:5-81
12-->src\main\AndroidManifest.xml:6:22-78
13    <uses-permission android:name="android.permission.INTERNET" />
13-->src\main\AndroidManifest.xml:7:5-67
13-->src\main\AndroidManifest.xml:7:22-64
14
15    <!-- Include required permissions for Google Maps API to run. -->
16    <uses-permission android:name="android.permission.ACCESS_NETWORK_STATE" />
16-->[com.google.android.gms:play-services-maps:17.0.0] AndroidManifest.xml:23:5-79
16-->[com.google.android.gms:play-services-maps:17.0.0] AndroidManifest.xml:23:22-76
17
18    <uses-feature
18-->[com.google.android.gms:play-services-maps:17.0.0] AndroidManifest.xml:26:5-28:35
19        android:glEsVersion="0x00020000"
19-->[com.google.android.gms:play-services-maps:17.0.0] AndroidManifest.xml:27:9-41
20        android:required="true" />
20-->[com.google.android.gms:play-services-maps:17.0.0] AndroidManifest.xml:28:9-32
21
22    <application
22-->src\main\AndroidManifest.xml:9:5-41:19
23        android:allowBackup="true"
23-->src\main\AndroidManifest.xml:10:9-35
24        android:appComponentFactory="androidx.core.app.CoreComponentFactory"
24-->[androidx.core:core:1.3.1] AndroidManifest.xml:24:18-86
25        android:debuggable="true"
26        android:extractNativeLibs="false"
27        android:icon="@mipmap/ic_launcher"
27-->src\main\AndroidManifest.xml:11:9-43
28        android:label="@string/app_name"
28-->src\main\AndroidManifest.xml:12:9-41
29        android:roundIcon="@mipmap/ic_launcher_round"
29-->src\main\AndroidManifest.xml:13:9-54
30        android:supportsRtl="true"
30-->src\main\AndroidManifest.xml:14:9-35
31        android:testOnly="true"
32        android:theme="@style/AppTheme" >
32-->src\main\AndroidManifest.xml:15:9-40
33        <activity android:name="com.daffa.myrun.RunDetails" />
33-->src\main\AndroidManifest.xml:16:9-57
33-->src\main\AndroidManifest.xml:16:19-45
34        <activity android:name="com.daffa.myrun.AllRunsList" />
34-->src\main\AndroidManifest.xml:17:9-49
34-->src\main\AndroidManifest.xml:17:19-46
35        <activity android:name="com.daffa.myrun.MonthMenu" />
35-->src\main\AndroidManifest.xml:18:9-47
35-->src\main\AndroidManifest.xml:18:19-44
36        <activity android:name="com.daffa.myrun.HistorySummary" />
36-->src\main\AndroidManifest.xml:19:9-52
36-->src\main\AndroidManifest.xml:19:19-49
37        <activity android:name="com.daffa.myrun.HistoryMenu" />
37-->src\main\AndroidManifest.xml:20:9-49
37-->src\main\AndroidManifest.xml:20:19-46
38        <activity android:name="com.daffa.myrun.Summary" />
38-->src\main\AndroidManifest.xml:21:9-45
38-->src\main\AndroidManifest.xml:21:19-42
39
40        <meta-data
40-->src\main\AndroidManifest.xml:23:9-25:47
41            android:name="com.google.android.geo.API_KEY"
41-->src\main\AndroidManifest.xml:24:13-58
42            android:value="@string/map_key" />
42-->src\main\AndroidManifest.xml:25:13-44
43
44        <activity android:name="com.daffa.myrun.RunActivity" />
44-->src\main\AndroidManifest.xml:27:9-49
44-->src\main\AndroidManifest.xml:27:19-46
45        <activity android:name="com.daffa.myrun.MainActivity" >
45-->src\main\AndroidManifest.xml:28:9-34:20
45-->src\main\AndroidManifest.xml:28:19-47
46            <intent-filter>
46-->src\main\AndroidManifest.xml:29:13-33:29
47                <action android:name="android.intent.action.MAIN" />
47-->src\main\AndroidManifest.xml:30:17-69
47-->src\main\AndroidManifest.xml:30:25-66
48
49                <category android:name="android.intent.category.LAUNCHER" />
49-->src\main\AndroidManifest.xml:32:17-77
49-->src\main\AndroidManifest.xml:32:27-74
50            </intent-filter>
51        </activity>
52
53        <provider
53-->src\main\AndroidManifest.xml:36:9-40:39
54            android:name="com.daffa.myrun.provider.MyRunContentProvider"
54-->src\main\AndroidManifest.xml:37:13-58
55            android:authorities="com.daffa.myrun.provider.MyRunContentProvider"
55-->src\main\AndroidManifest.xml:38:13-80
56            android:enabled="true"
56-->src\main\AndroidManifest.xml:39:13-35
57            android:exported="true" />
57-->src\main\AndroidManifest.xml:40:13-36
58        <!-- Needs to be explicitly declared on P+ -->
59        <uses-library
59-->[com.google.android.gms:play-services-maps:17.0.0] AndroidManifest.xml:33:9-35:40
60            android:name="org.apache.http.legacy"
60-->[com.google.android.gms:play-services-maps:17.0.0] AndroidManifest.xml:34:13-50
61            android:required="false" />
61-->[com.google.android.gms:play-services-maps:17.0.0] AndroidManifest.xml:35:13-37
62
63        <activity
63-->[com.google.android.gms:play-services-base:17.0.0] AndroidManifest.xml:23:9-26:75
64            android:name="com.google.android.gms.common.api.GoogleApiActivity"
64-->[com.google.android.gms:play-services-base:17.0.0] AndroidManifest.xml:24:13-79
65            android:exported="false"
65-->[com.google.android.gms:play-services-base:17.0.0] AndroidManifest.xml:25:13-37
66            android:theme="@android:style/Theme.Translucent.NoTitleBar" />
66-->[com.google.android.gms:play-services-base:17.0.0] AndroidManifest.xml:26:13-72
67
68        <meta-data
68-->[com.google.android.gms:play-services-basement:17.0.0] AndroidManifest.xml:23:9-25:69
69            android:name="com.google.android.gms.version"
69-->[com.google.android.gms:play-services-basement:17.0.0] AndroidManifest.xml:24:13-58
70            android:value="@integer/google_play_services_version" />
70-->[com.google.android.gms:play-services-basement:17.0.0] AndroidManifest.xml:25:13-66
71    </application>
72
73</manifest>